[16-Jun-2021 18:28:45 UTC] PHP Warning:  get_headers() expects at least 1 parameter, 0 given in C:\Users\danie\Local Sites\gymfitness\app\public\wp-content\themes\gymfitness\page.php on line 1
[16-Jun-2021 18:28:45 UTC] PHP Stack trace:
[16-Jun-2021 18:28:45 UTC] PHP   1. {main}() C:\Users\danie\Local Sites\gymfitness\app\public\index.php:0
[16-Jun-2021 18:28:45 UTC] PHP   2. require() C:\Users\danie\Local Sites\gymfitness\app\public\index.php:17
[16-Jun-2021 18:28:45 UTC] PHP   3. require_once() C:\Users\danie\Local Sites\gymfitness\app\public\wp-blog-header.php:19
[16-Jun-2021 18:28:45 UTC] PHP   4. include() C:\Users\danie\Local Sites\gymfitness\app\public\wp-includes\template-loader.php:106
[16-Jun-2021 18:28:45 UTC] PHP   5. get_headers() C:\Users\danie\Local Sites\gymfitness\app\public\wp-content\themes\gymfitness\page.php:1
[16-Jun-2021 23:16:37 UTC] PHP Parse error:  syntax error, unexpected '' ), '' (T_CONSTANT_ENCAPSED_STRING), expecting ')' in C:\Users\danie\Local Sites\gymfitness\app\public\wp-content\themes\gymfitness\functions.php on line 16
[16-Jun-2021 23:16:38 UTC] PHP Parse error:  syntax error, unexpected '' ), '' (T_CONSTANT_ENCAPSED_STRING), expecting ')' in C:\Users\danie\Local Sites\gymfitness\app\public\wp-content\themes\gymfitness\functions.php on line 16
[16-Jun-2021 23:18:43 UTC] PHP Parse error:  syntax error, unexpected '' ), '' (T_CONSTANT_ENCAPSED_STRING), expecting ')' in C:\Users\danie\Local Sites\gymfitness\app\public\wp-content\themes\gymfitness\functions.php on line 16
[16-Jun-2021 23:18:44 UTC] PHP Parse error:  syntax error, unexpected '' ), '' (T_CONSTANT_ENCAPSED_STRING), expecting ')' in C:\Users\danie\Local Sites\gymfitness\app\public\wp-content\themes\gymfitness\functions.php on line 16
[16-Jun-2021 23:18:52 UTC] PHP Parse error:  syntax error, unexpected '' ), '' (T_CONSTANT_ENCAPSED_STRING), expecting ')' in C:\Users\danie\Local Sites\gymfitness\app\public\wp-content\themes\gymfitness\functions.php on line 16
[16-Jun-2021 23:18:53 UTC] PHP Parse error:  syntax error, unexpected '' ), '' (T_CONSTANT_ENCAPSED_STRING), expecting ')' in C:\Users\danie\Local Sites\gymfitness\app\public\wp-content\themes\gymfitness\functions.php on line 16
[16-Jun-2021 23:44:33 UTC] PHP Parse error:  syntax error, unexpected '.1' (T_DNUMBER), expecting ')' in C:\Users\danie\Local Sites\gymfitness\app\public\wp-content\themes\gymfitness\functions.php on line 17
[16-Jun-2021 23:44:36 UTC] PHP Parse error:  syntax error, unexpected '.1' (T_DNUMBER), expecting ')' in C:\Users\danie\Local Sites\gymfitness\app\public\wp-content\themes\gymfitness\functions.php on line 17
[18-Jun-2021 04:20:04 UTC] PHP Warning:  Use of undefined constant Y - assumed 'Y' (this will throw an Error in a future version of PHP) in C:\Users\danie\Local Sites\gymfitness\app\public\wp-content\themes\gymfitness\footer.php on line 15
[18-Jun-2021 04:20:04 UTC] PHP Stack trace:
[18-Jun-2021 04:20:04 UTC] PHP   1. {main}() C:\Users\danie\Local Sites\gymfitness\app\public\index.php:0
[18-Jun-2021 04:20:04 UTC] PHP   2. require() C:\Users\danie\Local Sites\gymfitness\app\public\index.php:17
[18-Jun-2021 04:20:04 UTC] PHP   3. require_once() C:\Users\danie\Local Sites\gymfitness\app\public\wp-blog-header.php:19
[18-Jun-2021 04:20:04 UTC] PHP   4. include() C:\Users\danie\Local Sites\gymfitness\app\public\wp-includes\template-loader.php:106
[18-Jun-2021 04:20:04 UTC] PHP   5. get_footer() C:\Users\danie\Local Sites\gymfitness\app\public\wp-content\themes\gymfitness\page.php:10
[18-Jun-2021 04:20:04 UTC] PHP   6. locate_template() C:\Users\danie\Local Sites\gymfitness\app\public\wp-includes\general-template.php:92
[18-Jun-2021 04:20:04 UTC] PHP   7. load_template() C:\Users\danie\Local Sites\gymfitness\app\public\wp-includes\template.php:676
[18-Jun-2021 04:20:04 UTC] PHP   8. require_once() C:\Users\danie\Local Sites\gymfitness\app\public\wp-includes\template.php:730
[18-Jun-2021 04:21:19 UTC] PHP Warning:  Use of undefined constant Y - assumed 'Y' (this will throw an Error in a future version of PHP) in C:\Users\danie\Local Sites\gymfitness\app\public\wp-content\themes\gymfitness\footer.php on line 15
[18-Jun-2021 04:21:19 UTC] PHP Stack trace:
[18-Jun-2021 04:21:19 UTC] PHP   1. {main}() C:\Users\danie\Local Sites\gymfitness\app\public\index.php:0
[18-Jun-2021 04:21:19 UTC] PHP   2. require() C:\Users\danie\Local Sites\gymfitness\app\public\index.php:17
[18-Jun-2021 04:21:19 UTC] PHP   3. require_once() C:\Users\danie\Local Sites\gymfitness\app\public\wp-blog-header.php:19
[18-Jun-2021 04:21:19 UTC] PHP   4. include() C:\Users\danie\Local Sites\gymfitness\app\public\wp-includes\template-loader.php:106
[18-Jun-2021 04:21:19 UTC] PHP   5. get_footer() C:\Users\danie\Local Sites\gymfitness\app\public\wp-content\themes\gymfitness\page.php:10
[18-Jun-2021 04:21:19 UTC] PHP   6. locate_template() C:\Users\danie\Local Sites\gymfitness\app\public\wp-includes\general-template.php:92
[18-Jun-2021 04:21:19 UTC] PHP   7. load_template() C:\Users\danie\Local Sites\gymfitness\app\public\wp-includes\template.php:676
[18-Jun-2021 04:21:19 UTC] PHP   8. require_once() C:\Users\danie\Local Sites\gymfitness\app\public\wp-includes\template.php:730
[19-Jun-2021 03:09:49 UTC] PHP Parse error:  syntax error, unexpected '}' in C:\Users\danie\Local Sites\gymfitness\app\public\wp-content\themes\gymfitness\functions.php on line 9
[19-Jun-2021 03:11:51 UTC] PHP Parse error:  syntax error, unexpected 'function' (T_FUNCTION) in C:\Users\danie\Local Sites\gymfitness\app\public\wp-content\themes\gymfitness\functions.php on line 13
[19-Jun-2021 03:13:51 UTC] PHP Parse error:  syntax error, unexpected 'function' (T_FUNCTION) in C:\Users\danie\Local Sites\gymfitness\app\public\wp-content\themes\gymfitness\functions.php on line 13
[19-Jun-2021 03:14:18 UTC] PHP Parse error:  syntax error, unexpected 'function' (T_FUNCTION) in C:\Users\danie\Local Sites\gymfitness\app\public\wp-content\themes\gymfitness\functions.php on line 13
[19-Jun-2021 03:14:21 UTC] PHP Parse error:  syntax error, unexpected 'function' (T_FUNCTION) in C:\Users\danie\Local Sites\gymfitness\app\public\wp-content\themes\gymfitness\functions.php on line 13
[21-Jun-2021 23:30:22 UTC] PHP Parse error:  syntax error, unexpected '.' in C:\Users\danie\Local Sites\gymfitness\app\public\wp-content\themes\gymfitness\inc\queries.php on line 19
[21-Jun-2021 23:30:26 UTC] PHP Parse error:  syntax error, unexpected '.' in C:\Users\danie\Local Sites\gymfitness\app\public\wp-content\themes\gymfitness\inc\queries.php on line 19
[21-Jun-2021 23:31:00 UTC] PHP Parse error:  syntax error, unexpected '.' in C:\Users\danie\Local Sites\gymfitness\app\public\wp-content\themes\gymfitness\inc\queries.php on line 19
[21-Jun-2021 23:31:02 UTC] PHP Parse error:  syntax error, unexpected '.' in C:\Users\danie\Local Sites\gymfitness\app\public\wp-content\themes\gymfitness\inc\queries.php on line 19
[21-Jun-2021 23:31:59 UTC] PHP Parse error:  syntax error, unexpected 'the_field' (T_STRING), expecting ',' or ';' in C:\Users\danie\Local Sites\gymfitness\app\public\wp-content\themes\gymfitness\inc\queries.php on line 19
[21-Jun-2021 23:32:03 UTC] PHP Parse error:  syntax error, unexpected 'the_field' (T_STRING), expecting ',' or ';' in C:\Users\danie\Local Sites\gymfitness\app\public\wp-content\themes\gymfitness\inc\queries.php on line 19
[23-Jun-2021 00:35:56 UTC] PHP Parse error:  syntax error, unexpected end of file, expecting '{' in C:\Users\danie\Local Sites\gymfitness\app\public\wp-content\themes\gymfitness\functions.php on line 60
[23-Jun-2021 17:58:17 UTC] PHP Parse error:  syntax error, unexpected end of file in C:\Users\danie\Local Sites\gymfitness\app\public\wp-content\plugins\gymfitness_widgets\gymfitness_widgets.php on line 62
[23-Jun-2021 17:58:21 UTC] PHP Parse error:  syntax error, unexpected end of file in C:\Users\danie\Local Sites\gymfitness\app\public\wp-content\plugins\gymfitness_widgets\gymfitness_widgets.php on line 62
[23-Jun-2021 17:58:22 UTC] PHP Parse error:  syntax error, unexpected end of file in C:\Users\danie\Local Sites\gymfitness\app\public\wp-content\plugins\gymfitness_widgets\gymfitness_widgets.php on line 62
[23-Jun-2021 18:28:13 UTC] PHP Fatal error:  Uncaught Error: Class 'Foo_Widget' not found in C:\Users\danie\Local Sites\gymfitness\app\public\wp-includes\class-wp-widget-factory.php:61
Stack trace:
#0 C:\Users\danie\Local Sites\gymfitness\app\public\wp-includes\widgets.php(115): WP_Widget_Factory->register('Foo_Widget')
#1 C:\Users\danie\Local Sites\gymfitness\app\public\wp-content\plugins\gymfitness_widgets\gymfitness_widgets.php(86): register_widget('Foo_Widget')
#2 C:\Users\danie\Local Sites\gymfitness\app\public\wp-includes\class-wp-hook.php(292): register_gymfitness_widget('')
#3 C:\Users\danie\Local Sites\gymfitness\app\public\wp-includes\class-wp-hook.php(316): WP_Hook->apply_filters('', Array)
#4 C:\Users\danie\Local Sites\gymfitness\app\public\wp-includes\plugin.php(484): WP_Hook->do_action(Array)
#5 C:\Users\danie\Local Sites\gymfitness\app\public\wp-includes\widgets.php(1799): do_action('widgets_init')
#6 C:\Users\danie\Local Sites\gymfitness\app\public\wp-includes\class-wp-hook.php(292): wp_widgets_init('')
#7 C:\Users\danie\Local Sites\gymf in C:\Users\danie\Local Sites\gymfitness\app\public\wp-includes\class-wp-widget-factory.php on line 61
[23-Jun-2021 18:28:15 UTC] PHP Fatal error:  Uncaught Error: Class 'Foo_Widget' not found in C:\Users\danie\Local Sites\gymfitness\app\public\wp-includes\class-wp-widget-factory.php:61
Stack trace:
#0 C:\Users\danie\Local Sites\gymfitness\app\public\wp-includes\widgets.php(115): WP_Widget_Factory->register('Foo_Widget')
#1 C:\Users\danie\Local Sites\gymfitness\app\public\wp-content\plugins\gymfitness_widgets\gymfitness_widgets.php(86): register_widget('Foo_Widget')
#2 C:\Users\danie\Local Sites\gymfitness\app\public\wp-includes\class-wp-hook.php(292): register_gymfitness_widget('')
#3 C:\Users\danie\Local Sites\gymfitness\app\public\wp-includes\class-wp-hook.php(316): WP_Hook->apply_filters('', Array)
#4 C:\Users\danie\Local Sites\gymfitness\app\public\wp-includes\plugin.php(484): WP_Hook->do_action(Array)
#5 C:\Users\danie\Local Sites\gymfitness\app\public\wp-includes\widgets.php(1799): do_action('widgets_init')
#6 C:\Users\danie\Local Sites\gymfitness\app\public\wp-includes\class-wp-hook.php(292): wp_widgets_init('')
#7 C:\Users\danie\Local Sites\gymf in C:\Users\danie\Local Sites\gymfitness\app\public\wp-includes\class-wp-widget-factory.php on line 61
[23-Jun-2021 18:42:58 UTC] PHP Parse error:  syntax error, unexpected ',' in C:\Users\danie\Local Sites\gymfitness\app\public\wp-content\plugins\gymfitness_widgets\gymfitness_widgets.php on line 48
[23-Jun-2021 19:09:58 UTC] PHP Fatal error:  Uncaught Error: Call to undefined function WP_Query() in C:\Users\danie\Local Sites\gymfitness\app\public\wp-content\plugins\gymfitness_widgets\gymfitness_widgets.php:51
Stack trace:
#0 C:\Users\danie\Local Sites\gymfitness\app\public\wp-includes\class-wp-widget.php(380): GymFitness_Clases_Widget->widget(Array, Array)
#1 C:\Users\danie\Local Sites\gymfitness\app\public\wp-includes\widgets.php(823): WP_Widget->display_callback(Array, Array)
#2 C:\Users\danie\Local Sites\gymfitness\app\public\wp-content\themes\gymfitness\sidebar-clases.php(2): dynamic_sidebar('sidebar_2')
#3 C:\Users\danie\Local Sites\gymfitness\app\public\wp-includes\template.php(730): require_once('C:\\Users\\danie\\...')
#4 C:\Users\danie\Local Sites\gymfitness\app\public\wp-includes\template.php(676): load_template('C:\\Users\\danie\\...', true, Array)
#5 C:\Users\danie\Local Sites\gymfitness\app\public\wp-includes\general-template.php(136): locate_template(Array, true, true, Array)
#6 C:\Users\danie\Local Sites\gymfitness\app\public\wp-con in C:\Users\danie\Local Sites\gymfitness\app\public\wp-content\plugins\gymfitness_widgets\gymfitness_widgets.php on line 51
[24-Jun-2021 02:22:04 UTC] PHP Parse error:  syntax error, unexpected 'public' (T_PUBLIC) in C:\Users\danie\Local Sites\gymfitness\app\public\wp-content\plugins\gymfitness_widgets\gymfitness_widgets.php on line 87
[24-Jun-2021 02:24:05 UTC] PHP Parse error:  syntax error, unexpected 'public' (T_PUBLIC) in C:\Users\danie\Local Sites\gymfitness\app\public\wp-content\plugins\gymfitness_widgets\gymfitness_widgets.php on line 87
[24-Jun-2021 02:52:17 UTC] PHP Parse error:  syntax error, unexpected ':' in C:\Users\danie\Local Sites\gymfitness\app\public\wp-content\plugins\gymfitness_widgets\gymfitness_widgets.php on line 53
[24-Jun-2021 04:01:30 UTC] PHP Parse error:  syntax error, unexpected ')', expecting '(' in C:\Users\danie\Local Sites\gymfitness\app\public\wp-content\plugins\gymfitness_widgets\gymfitness_widgets.php on line 56
[24-Jun-2021 18:32:10 UTC] PHP Parse error:  syntax error, unexpected ';' in C:\Users\danie\Local Sites\gymfitness\app\public\wp-content\themes\gymfitness\functions.php on line 42
[24-Jun-2021 18:32:13 UTC] PHP Parse error:  syntax error, unexpected ';' in C:\Users\danie\Local Sites\gymfitness\app\public\wp-content\themes\gymfitness\functions.php on line 42
[24-Jun-2021 22:11:10 UTC] PHP Warning:  Use of undefined constant get_the_ID - assumed 'get_the_ID' (this will throw an Error in a future version of PHP) in C:\Users\danie\Local Sites\gymfitness\app\public\wp-content\themes\gymfitness\page-galerias.php on line 16
[24-Jun-2021 22:11:10 UTC] PHP Stack trace:
[24-Jun-2021 22:11:10 UTC] PHP   1. {main}() C:\Users\danie\Local Sites\gymfitness\app\public\index.php:0
[24-Jun-2021 22:11:10 UTC] PHP   2. require() C:\Users\danie\Local Sites\gymfitness\app\public\index.php:17
[24-Jun-2021 22:11:10 UTC] PHP   3. require_once() C:\Users\danie\Local Sites\gymfitness\app\public\wp-blog-header.php:19
[24-Jun-2021 22:11:10 UTC] PHP   4. include() C:\Users\danie\Local Sites\gymfitness\app\public\wp-includes\template-loader.php:106
[25-Jun-2021 03:23:28 UTC] PHP Parse error:  syntax error, unexpected 'echo' (T_ECHO) in C:\Users\danie\Local Sites\gymfitness\app\public\wp-content\themes\gymfitness\category.php on line 6
[28-Jun-2021 03:21:36 UTC] PHP Warning:  Illegal string offset 'area_imagen' in C:\Users\danie\Local Sites\gymfitness\app\public\wp-content\themes\gymfitness\front-page.php on line 13
[28-Jun-2021 03:21:36 UTC] PHP Stack trace:
[28-Jun-2021 03:21:36 UTC] PHP   1. {main}() C:\Users\danie\Local Sites\gymfitness\app\public\index.php:0
[28-Jun-2021 03:21:36 UTC] PHP   2. require() C:\Users\danie\Local Sites\gymfitness\app\public\index.php:17
[28-Jun-2021 03:21:36 UTC] PHP   3. require_once() C:\Users\danie\Local Sites\gymfitness\app\public\wp-blog-header.php:19
[28-Jun-2021 03:21:36 UTC] PHP   4. include() C:\Users\danie\Local Sites\gymfitness\app\public\wp-includes\template-loader.php:106
[28-Jun-2021 03:21:36 UTC] PHP Warning:  Illegal string offset 'area_texto' in C:\Users\danie\Local Sites\gymfitness\app\public\wp-content\themes\gymfitness\front-page.php on line 16
[28-Jun-2021 03:21:36 UTC] PHP Stack trace:
[28-Jun-2021 03:21:36 UTC] PHP   1. {main}() C:\Users\danie\Local Sites\gymfitness\app\public\index.php:0
[28-Jun-2021 03:21:36 UTC] PHP   2. require() C:\Users\danie\Local Sites\gymfitness\app\public\index.php:17
[28-Jun-2021 03:21:36 UTC] PHP   3. require_once() C:\Users\danie\Local Sites\gymfitness\app\public\wp-blog-header.php:19
[28-Jun-2021 03:21:36 UTC] PHP   4. include() C:\Users\danie\Local Sites\gymfitness\app\public\wp-includes\template-loader.php:106
[28-Jun-2021 03:21:36 UTC] PHP Warning:  Illegal string offset 'area_imagen' in C:\Users\danie\Local Sites\gymfitness\app\public\wp-content\themes\gymfitness\front-page.php on line 22
[28-Jun-2021 03:21:36 UTC] PHP Stack trace:
[28-Jun-2021 03:21:36 UTC] PHP   1. {main}() C:\Users\danie\Local Sites\gymfitness\app\public\index.php:0
[28-Jun-2021 03:21:36 UTC] PHP   2. require() C:\Users\danie\Local Sites\gymfitness\app\public\index.php:17
[28-Jun-2021 03:21:36 UTC] PHP   3. require_once() C:\Users\danie\Local Sites\gymfitness\app\public\wp-blog-header.php:19
[28-Jun-2021 03:21:36 UTC] PHP   4. include() C:\Users\danie\Local Sites\gymfitness\app\public\wp-includes\template-loader.php:106
[28-Jun-2021 03:21:36 UTC] PHP Warning:  Illegal string offset 'area_texto' in C:\Users\danie\Local Sites\gymfitness\app\public\wp-content\themes\gymfitness\front-page.php on line 25
[28-Jun-2021 03:21:36 UTC] PHP Stack trace:
[28-Jun-2021 03:21:36 UTC] PHP   1. {main}() C:\Users\danie\Local Sites\gymfitness\app\public\index.php:0
[28-Jun-2021 03:21:36 UTC] PHP   2. require() C:\Users\danie\Local Sites\gymfitness\app\public\index.php:17
[28-Jun-2021 03:21:36 UTC] PHP   3. require_once() C:\Users\danie\Local Sites\gymfitness\app\public\wp-blog-header.php:19
[28-Jun-2021 03:21:36 UTC] PHP   4. include() C:\Users\danie\Local Sites\gymfitness\app\public\wp-includes\template-loader.php:106
[28-Jun-2021 03:21:36 UTC] PHP Warning:  Illegal string offset 'area_imagen' in C:\Users\danie\Local Sites\gymfitness\app\public\wp-content\themes\gymfitness\front-page.php on line 31
[28-Jun-2021 03:21:36 UTC] PHP Stack trace:
[28-Jun-2021 03:21:36 UTC] PHP   1. {main}() C:\Users\danie\Local Sites\gymfitness\app\public\index.php:0
[28-Jun-2021 03:21:36 UTC] PHP   2. require() C:\Users\danie\Local Sites\gymfitness\app\public\index.php:17
[28-Jun-2021 03:21:36 UTC] PHP   3. require_once() C:\Users\danie\Local Sites\gymfitness\app\public\wp-blog-header.php:19
[28-Jun-2021 03:21:36 UTC] PHP   4. include() C:\Users\danie\Local Sites\gymfitness\app\public\wp-includes\template-loader.php:106
[28-Jun-2021 03:21:36 UTC] PHP Warning:  Illegal string offset 'area_texto' in C:\Users\danie\Local Sites\gymfitness\app\public\wp-content\themes\gymfitness\front-page.php on line 34
[28-Jun-2021 03:21:36 UTC] PHP Stack trace:
[28-Jun-2021 03:21:36 UTC] PHP   1. {main}() C:\Users\danie\Local Sites\gymfitness\app\public\index.php:0
[28-Jun-2021 03:21:36 UTC] PHP   2. require() C:\Users\danie\Local Sites\gymfitness\app\public\index.php:17
[28-Jun-2021 03:21:36 UTC] PHP   3. require_once() C:\Users\danie\Local Sites\gymfitness\app\public\wp-blog-header.php:19
[28-Jun-2021 03:21:36 UTC] PHP   4. include() C:\Users\danie\Local Sites\gymfitness\app\public\wp-includes\template-loader.php:106
[28-Jun-2021 03:21:36 UTC] PHP Warning:  Illegal string offset 'area_imagen' in C:\Users\danie\Local Sites\gymfitness\app\public\wp-content\themes\gymfitness\front-page.php on line 40
[28-Jun-2021 03:21:36 UTC] PHP Stack trace:
[28-Jun-2021 03:21:36 UTC] PHP   1. {main}() C:\Users\danie\Local Sites\gymfitness\app\public\index.php:0
[28-Jun-2021 03:21:36 UTC] PHP   2. require() C:\Users\danie\Local Sites\gymfitness\app\public\index.php:17
[28-Jun-2021 03:21:36 UTC] PHP   3. require_once() C:\Users\danie\Local Sites\gymfitness\app\public\wp-blog-header.php:19
[28-Jun-2021 03:21:36 UTC] PHP   4. include() C:\Users\danie\Local Sites\gymfitness\app\public\wp-includes\template-loader.php:106
[28-Jun-2021 03:21:36 UTC] PHP Warning:  Illegal string offset 'area_texto' in C:\Users\danie\Local Sites\gymfitness\app\public\wp-content\themes\gymfitness\front-page.php on line 43
[28-Jun-2021 03:21:36 UTC] PHP Stack trace:
[28-Jun-2021 03:21:36 UTC] PHP   1. {main}() C:\Users\danie\Local Sites\gymfitness\app\public\index.php:0
[28-Jun-2021 03:21:36 UTC] PHP   2. require() C:\Users\danie\Local Sites\gymfitness\app\public\index.php:17
[28-Jun-2021 03:21:36 UTC] PHP   3. require_once() C:\Users\danie\Local Sites\gymfitness\app\public\wp-blog-header.php:19
[28-Jun-2021 03:21:36 UTC] PHP   4. include() C:\Users\danie\Local Sites\gymfitness\app\public\wp-includes\template-loader.php:106
[28-Jun-2021 19:53:39 UTC] PHP Parse error:  syntax error, unexpected 'endwhile' (T_ENDWHILE) in C:\Users\danie\Local Sites\gymfitness\app\public\wp-content\themes\gymfitness\front-page.php on line 98
[28-Jun-2021 19:55:01 UTC] PHP Parse error:  syntax error, unexpected 'endwhile' (T_ENDWHILE) in C:\Users\danie\Local Sites\gymfitness\app\public\wp-content\themes\gymfitness\front-page.php on line 98
[28-Jun-2021 23:56:56 UTC] PHP Parse error:  syntax error, unexpected 'var_dump' (T_STRING), expecting ';' or ',' in C:\Users\danie\Local Sites\gymfitness\app\public\wp-content\themes\gymfitness\front-page.php on line 118
[29-Jun-2021 01:18:25 UTC] PHP Warning:  Invalid argument supplied for foreach() in C:\Users\danie\Local Sites\gymfitness\app\public\wp-content\themes\gymfitness\front-page.php on line 89
[29-Jun-2021 01:18:25 UTC] PHP Stack trace:
[29-Jun-2021 01:18:25 UTC] PHP   1. {main}() C:\Users\danie\Local Sites\gymfitness\app\public\index.php:0
[29-Jun-2021 01:18:25 UTC] PHP   2. require() C:\Users\danie\Local Sites\gymfitness\app\public\index.php:17
[29-Jun-2021 01:18:25 UTC] PHP   3. require_once() C:\Users\danie\Local Sites\gymfitness\app\public\wp-blog-header.php:19
[29-Jun-2021 01:18:25 UTC] PHP   4. include() C:\Users\danie\Local Sites\gymfitness\app\public\wp-includes\template-loader.php:106
[29-Jun-2021 01:18:25 UTC] PHP Warning:  Invalid argument supplied for foreach() in C:\Users\danie\Local Sites\gymfitness\app\public\wp-content\themes\gymfitness\front-page.php on line 89
[29-Jun-2021 01:18:25 UTC] PHP Stack trace:
[29-Jun-2021 01:18:25 UTC] PHP   1. {main}() C:\Users\danie\Local Sites\gymfitness\app\public\index.php:0
[29-Jun-2021 01:18:25 UTC] PHP   2. require() C:\Users\danie\Local Sites\gymfitness\app\public\index.php:17
[29-Jun-2021 01:18:25 UTC] PHP   3. require_once() C:\Users\danie\Local Sites\gymfitness\app\public\wp-blog-header.php:19
[29-Jun-2021 01:18:25 UTC] PHP   4. include() C:\Users\danie\Local Sites\gymfitness\app\public\wp-includes\template-loader.php:106
[30-Jun-2021 01:35:17 UTC] PHP Parse error:  syntax error, unexpected '<', expecting end of file in C:\Users\danie\Local Sites\gymfitness\app\public\wp-content\themes\gymfitness\front-page.php on line 150
